0000                          .ORG   0   
0000   31 00 FF               LD   SP,0xFF00   
0003   3E 0F                  LD   A,0x0F   
0005   C3 3A 00               JP   start   
0018                          .ORG   0x0018   
0018   4F                     LD   C,A   
0019   C9                     RET      
0038                          .ORG   0x0038   
0038   47                     LD   B,A   
0039   C9                     RET      
0050                START:    .ORG   0x0050   
0050   ED 56                  IM   1   
0052   FB                     EI      
0053   B8           LOOP:     CP   B   
0054   C2 53 00               JP   NZ,loop   
0057   C9                     RET      
0058                          .END      


START:              003A DEFINED AT LINE 14
                    > USED AT LINE 4
LOOP:               0053 DEFINED AT LINE 17
                    > USED AT LINE 18
