0000                          .ORG   0x0000   ; Inicio del programa
0000                             ; --- PROGRAMA DE PRUEBA (ejemplo) ---
0000   3E 01                  LD   A,0x01   ; Código de prueba
0002   06 02                  LD   B,0x02   
0004   80                     ADD   A,B   ; A = 0x03
0005                             ; --- VOLCADO DE REGISTROS (se ejecuta a continuación) ---
0005   22 06 C0               LD   (0xC006),HL   
0008   F5                     PUSH   AF   
0009   E1                     POP   HL   
000A   22 00 C0               LD   (0xC000),HL   
000D   ED 43 02 C0            LD   (0xC002),BC   
0011   ED 53 04 C0            LD   (0xC004),DE   
0015   ED 73 08 C0            LD   (0xC008),SP   
0019   DD 22 0A C0            LD   (0xC00A),IX   
001D   FD 22 0C C0            LD   (0xC00C),IY   
0021   D9                     EXX      
0022   22 14 C0               LD   (0xC014),HL   
0025   F5                     PUSH   AF   
0026   E1                     POP   HL   
0027   22 0E C0               LD   (0xC00E),HL   
002A   ED 43 10 C0            LD   (0xC010),BC   
002E   ED 53 12 C0            LD   (0xC012),DE   
0032   ED 73 16 C0            LD   (0xC016),SP   
0036   DD 22 18 C0            LD   (0xC018),IX   
003A   FD 22 1A C0            LD   (0xC01A),IY   
003E   3E FF                  LD   A,0xFF   
0040   32 1C C0     BUCLE:    LD   (0xC01C),A   ; indica FINAL (0xFF)
0043   C3 40 00               JP   BUCLE   


BUCLE:              0040 DEFINED AT LINE 27
                    > USED AT LINE 28
